2025-11-28T02:14:02.184+05:30  INFO 42576 --- [appointment-system] [main] c.h.a.AppointmentSystemApplication       : Starting AppointmentSystemApplication using Java 25 with PID 42576 (C:\Edu\CICD CLOUD DEV OPS\CareConnect-Project\appointment-system\target\classes started by 91903 in C:\Edu\CICD CLOUD DEV OPS\CareConnect-Project\appointment-system)
2025-11-28T02:14:02.215+05:30  INFO 42576 --- [appointment-system] [main] c.h.a.AppointmentSystemApplication       : No active profile set, falling back to 1 default profile: "default"
2025-11-28T02:14:03.114+05:30  INFO 42576 --- [appointment-system] [main] .s.d.r.c.RepositoryConfigurationDelegate : Bootstrapping Spring Data JPA repositories in DEFAULT mode.
2025-11-28T02:14:03.363+05:30  INFO 42576 --- [appointment-system] [main] .s.d.r.c.RepositoryConfigurationDelegate : Finished Spring Data repository scanning in 244 ms. Found 4 JPA repository interfaces.
2025-11-28T02:14:05.412+05:30  INFO 42576 --- [appointment-system] [main] o.s.b.w.embedded.tomcat.TomcatWebServer  : Tomcat initialized with port 8085 (http)
2025-11-28T02:14:05.429+05:30  INFO 42576 --- [appointment-system] [main] o.apache.catalina.core.StandardService   : Starting service [Tomcat]
2025-11-28T02:14:05.430+05:30  INFO 42576 --- [appointment-system] [main] o.apache.catalina.core.StandardEngine    : Starting Servlet engine: [Apache Tomcat/10.1.46]
2025-11-28T02:14:05.545+05:30  INFO 42576 --- [appointment-system] [main] o.a.c.c.C.[Tomcat].[localhost].[/]       : Initializing Spring embedded WebApplicationContext
2025-11-28T02:14:05.545+05:30  INFO 42576 --- [appointment-system] [main] w.s.c.ServletWebServerApplicationContext : Root WebApplicationContext: initialization completed in 3247 ms
2025-11-28T02:14:05.650+05:30  INFO 42576 --- [appointment-system] [main] o.hibernate.jpa.internal.util.LogHelper  : HHH000204: Processing PersistenceUnitInfo [name: default]
2025-11-28T02:14:05.701+05:30  INFO 42576 --- [appointment-system] [main] org.hibernate.Version                    : HHH000412: Hibernate ORM core version 6.6.29.Final
2025-11-28T02:14:05.726+05:30  INFO 42576 --- [appointment-system] [main] o.h.c.internal.RegionFactoryInitiator    : HHH000026: Second-level cache disabled
2025-11-28T02:14:05.953+05:30  INFO 42576 --- [appointment-system] [main] o.s.o.j.p.SpringPersistenceUnitInfo      : No LoadTimeWeaver setup: ignoring JPA class transformer
2025-11-28T02:14:05.986+05:30  INFO 42576 --- [appointment-system] [main] com.zaxxer.hikari.HikariDataSource       : HikariPool-1 - Starting...
2025-11-28T02:14:06.486+05:30  INFO 42576 --- [appointment-system] [main] com.zaxxer.hikari.pool.HikariPool        : HikariPool-1 - Added connection com.mysql.cj.jdbc.ConnectionImpl@5ba184fc
2025-11-28T02:14:06.488+05:30  INFO 42576 --- [appointment-system] [main] com.zaxxer.hikari.HikariDataSource       : HikariPool-1 - Start completed.
2025-11-28T02:14:06.568+05:30  INFO 42576 --- [appointment-system] [main] org.hibernate.orm.connections.pooling    : HHH10001005: Database info:
	Database JDBC URL [Connecting through datasource 'HikariDataSource (HikariPool-1)']
	Database driver: undefined/unknown
	Database version: 8.0.37
	Autocommit mode: undefined/unknown
	Isolation level: undefined/unknown
	Minimum pool size: undefined/unknown
	Maximum pool size: undefined/unknown
2025-11-28T02:14:07.272+05:30  INFO 42576 --- [appointment-system] [main] o.h.e.t.j.p.i.JtaPlatformInitiator       : HHH000489: No JTA platform available (set 'hibernate.transaction.jta.platform' to enable JTA platform integration)
2025-11-28T02:14:07.328+05:30  INFO 42576 --- [appointment-system] [main] j.LocalContainerEntityManagerFactoryBean : Initialized JPA EntityManagerFactory for persistence unit 'default'
2025-11-28T02:14:07.595+05:30  INFO 42576 --- [appointment-system] [main] o.s.d.j.r.query.QueryEnhancerFactory     : Hibernate is in classpath; If applicable, HQL parser will be used.
2025-11-28T02:14:08.056+05:30  INFO 42576 --- [appointment-system] [main] eAuthenticationProviderManagerConfigurer : Global AuthenticationManager configured with AuthenticationProvider bean with name authenticationProvider
2025-11-28T02:14:08.056+05:30  WARN 42576 --- [appointment-system] [main] r$InitializeUserDetailsManagerConfigurer : Global AuthenticationManager configured with an AuthenticationProvider bean. UserDetailsService beans will not be used by Spring Security for automatically configuring username/password login. Consider removing the AuthenticationProvider bean. Alternatively, consider using the UserDetailsService in a manually instantiated DaoAuthenticationProvider. If the current configuration is intentional, to turn off this warning, increase the logging level of 'org.springframework.security.config.annotation.authentication.configuration.InitializeUserDetailsBeanManagerConfigurer' to ERROR
2025-11-28T02:14:08.098+05:30  WARN 42576 --- [appointment-system] [main] JpaBaseConfiguration$JpaWebConfiguration : spring.jpa.open-in-view is enabled by default. Therefore, database queries may be performed during view rendering. Explicitly configure spring.jpa.open-in-view to disable this warning
2025-11-28T02:14:08.444+05:30  INFO 42576 --- [appointment-system] [main] o.s.b.w.embedded.tomcat.TomcatWebServer  : Tomcat started on port 8085 (http) with context path '/'
2025-11-28T02:14:08.450+05:30  INFO 42576 --- [appointment-system] [main] c.h.a.AppointmentSystemApplication       : Started AppointmentSystemApplication in 6.821 seconds (process running for 7.084)
2025-11-28T02:14:38.307+05:30  INFO 42576 --- [appointment-system] [http-nio-8085-exec-1] o.a.c.c.C.[Tomcat].[localhost].[/]       : Initializing Spring DispatcherServlet 'dispatcherServlet'
2025-11-28T02:14:38.307+05:30  INFO 42576 --- [appointment-system] [http-nio-8085-exec-1] o.s.web.servlet.DispatcherServlet        : Initializing Servlet 'dispatcherServlet'
2025-11-28T02:14:38.308+05:30  INFO 42576 --- [appointment-system] [http-nio-8085-exec-1] o.s.web.servlet.DispatcherServlet        : Completed initialization in 1 ms
